<?xml version="1.0" encoding="utf-8"?><testsuites name="pytest tests"><testsuite name="pytest" errors="0" failures="0" skipped="0" tests="15" time="2.243" timestamp="2026-03-03T21:05:50.285974+00:00" hostname="agent-env-bd698d91-9ba3-4a61-8000-2fb09800dbf0"><testcase classname="backend.tests.test_customer_portal.TestCustomerPortalLogin" name="test_login_success" time="0.206" /><testcase classname="backend.tests.test_customer_portal.TestCustomerPortalLogin" name="test_login_invalid_username" time="0.174" /><testcase classname="backend.tests.test_customer_portal.TestCustomerPortalLogin" name="test_login_invalid_password" time="0.100" /><testcase classname="backend.tests.test_customer_portal.TestCustomerPortalLogin" name="test_login_empty_credentials" time="0.107" /><testcase classname="backend.tests.test_customer_portal.TestCustomerDashboard" name="test_get_dashboard_valid_customer" time="0.116" /><testcase classname="backend.tests.test_customer_portal.TestCustomerDashboard" name="test_get_dashboard_invalid_customer" time="0.120" /><testcase classname="backend.tests.test_customer_portal.TestCryptoPrices" name="test_get_crypto_prices" time="0.272" /><testcase classname="backend.tests.test_customer_portal.TestFarmStats" name="test_get_farm_stats" time="0.106" /><testcase classname="backend.tests.test_customer_portal.TestFarmStats" name="test_update_farm_stats" time="0.224" /><testcase classname="backend.tests.test_customer_portal.TestCustomerAccounts" name="test_get_customer_accounts" time="0.116" /><testcase classname="backend.tests.test_customer_portal.TestCustomerAccounts" name="test_auto_create_accounts" time="0.124" /><testcase classname="backend.tests.test_customer_portal.TestMaintenanceLogs" name="test_get_maintenance_logs" time="0.108" /><testcase classname="backend.tests.test_customer_portal.TestMaintenanceLogs" name="test_get_maintenance_logs_by_customer" time="0.110" /><testcase classname="backend.tests.test_customer_portal.TestMachineStatuses" name="test_get_machine_statuses" time="0.111" /><testcase classname="backend.tests.test_customer_portal.TestMachineStatuses" name="test_create_machine_status" time="0.127" /></testsuite></testsuites>